Loading module 10_openwrt_ssid.sh ..done
Loading module 11_openwrt_txpower.sh ..done
Loading module 12_openwrt_channel.sh ..done
Loading module 13_openwrt_hostname.sh ..done
Loading module 50_piratebox_hostname.sh ..done
Loading module 51_openwrt_node_ip.sh ..done
Loading module 51_piratebox_node_ip.sh ..done
Loading module 52_piratebox_node_name.sh ..done
Loading module 60_librarybox_ftp.sh ..done
Loading module 60_librarybox_ftpadmin.sh ..done
Loading module 60_librarybox_ftpanon.sh ..done
Loading module 60_librarybox_ftpsync.sh ..done
Loading module 60_librarybox_ftpsyncport.sh ..done
Loading module 61_librarybox_shoutbox.sh ..done
Available modules:  openwrt_ssid openwrt_txpower openwrt_channel openwrt_hostname piratebox_hostname openwrt_node_ip piratebox_node_ip piratebox_node_name librarybox_ftp librarybox_ftpadmin librarybox_ftpanon librarybox_ftpsync librarybox_ftpsyncport librarybox_shoutbox 
Working on openwrt_ssid
Getting SSID of iface-0 via uci
Getting SSID of iface-0 via uci
Working on openwrt_txpower
Getting txpower of device-0 via uci
Getting txpower of device-0 via uci
Working on openwrt_channel
Getting channel of device-0 via uci
Getting channel of device-0 via uci
Working on openwrt_hostname
Getting system-hostname via uci
Getting system-hostname via uci
Working on piratebox_hostname
Extracting HOST parameter from /opt/piratebox/conf/piratebox.conf
Extracting HOST parameter from /opt/piratebox/conf/piratebox.conf
Working on openwrt_node_ip
Extracting Node-IPv6 IP parameter from /opt/piratebox/conf/node.conf
Extracting Node-IPv6 IP parameter from /opt/piratebox/conf/node.conf
Working on piratebox_node_ip
Extracting Node-IPv6 IP parameter from /opt/piratebox/conf/node.conf
Extracting Node-IPv6 IP parameter from /opt/piratebox/conf/node.conf
Working on piratebox_node_name
Extracting Node-NAME parameter from /opt/piratebox/conf/node.conf
Extracting Node-NAME parameter from /opt/piratebox/conf/node.conf
Working on librarybox_ftp
Extracting FTP parameter from /opt/piratebox/conf/hook_custom.conf
Extracting FTP parameter from /opt/piratebox/conf/hook_custom.conf
Working on librarybox_ftpadmin
Extracting FTP-admin parameter from /opt/piratebox/conf/ftp/ftp.conf
Extracting FTP-admin parameter from /opt/piratebox/conf/ftp/ftp.conf
Working on librarybox_ftpanon
Extracting FTP-Anon parameter from /opt/piratebox/conf/ftp/ftp.conf
Extracting FTP-Anon parameter from /opt/piratebox/conf/ftp/ftp.conf
Working on librarybox_ftpsync
Extracting FTP-Sync parameter from /opt/piratebox/conf/ftp/ftp.conf
Extracting FTP-Sync parameter from /opt/piratebox/conf/ftp/ftp.conf
Working on librarybox_ftpsyncport
Extracting FTP-Sync port  from /opt/piratebox/conf/ftp/ftp.conf
Extracting FTP-Sync port  from /opt/piratebox/conf/ftp/ftp.conf
Working on librarybox_shoutbox
Extracting SHOUTBOX parameter from /opt/piratebox/conf/hook_custom.conf
Extracting SHOUTBOX parameter from /opt/piratebox/conf/hook_custom.conf
