Jan  1 00:00:34 OpenWrt syslog.info syslogd started: BusyBox v1.19.4
Jan  1 00:00:34 OpenWrt user.notice root: /bin/box_installer.sh : executing run_test
Jan  1 00:00:34 OpenWrt user.notice root: /bin/box_installer.sh : Testing requirements...
Jan  1 00:00:34 OpenWrt user.notice root: /bin/box_installer.sh : .. USB storage modules available
Jan  1 00:00:35 OpenWrt user.notice root: /bin/box_installer.sh : extendRoot package is installed
Jan  1 00:00:35 OpenWrt user.notice root: /bin/box_installer.sh : Trying to find next step
Jan  1 00:00:35 OpenWrt user.notice root: /bin/box_installer.sh : executing run_signaling_extendRoot_start
Jan  1 00:00:35 OpenWrt user.notice root: /bin/box_installer.sh : Trying to find next step
Jan  1 00:00:35 OpenWrt user.notice root: /bin/box_installer.sh : executing run_prepare_extendRoot
Jan  1 00:00:35 OpenWrt user.notice root: /bin/box_installer.sh : configure initi step for extendRoot
Jan  1 00:00:35 OpenWrt user.notice root: /bin/box_installer.sh : Trying to find next step
Jan  1 00:00:35 OpenWrt user.notice root: /bin/box_installer.sh : executing run_init_extendRoot
Jan  1 00:00:35 OpenWrt user.notice root: /etc/init.d/ext: Mounting external USB storage...
Jan  1 00:00:35 OpenWrt user.notice root: /etc/init.d/ext: Creating swapspace...
Jan  1 00:00:39 OpenWrt user.notice root: 32+0 records in
Jan  1 00:00:39 OpenWrt user.notice root: 32+0 records out
Jan  1 00:00:39 OpenWrt user.notice root: Setting up swapspace version 1, size = 32764 KiB
Jan  1 00:00:39 OpenWrt user.notice root: no label, UUID=1e9aeaa3-cd3b-4d9b-9e5f-953083f961a2
Jan  1 00:00:39 OpenWrt user.notice root: /etc/init.d/ext: Forcing overwrite of /mnt/usb/external_fs/OpenWRT.img if it already exsits
Jan  1 00:00:39 OpenWrt user.notice root: /etc/init.d/ext: Creating ext loop image...
Jan  1 00:01:04 OpenWrt user.notice root: /etc/init.d/ext: Including the external mountpoint to system
Jan  1 00:01:04 OpenWrt user.notice root: /etc/init.d/ext: Creating /bin/ext_path_fixer
Jan  1 00:01:04 OpenWrt user.notice root: /etc/init.d/ext: Including ext_path_fixer to /etc/profile
Jan  1 00:01:04 OpenWrt user.notice root: /etc/init.d/ext: Including   ext_path_fixer to /etc/rc.common
Jan  1 00:01:04 OpenWrt user.notice root: /etc/init.d/ext: Enable for startup
Jan  1 00:01:04 OpenWrt user.notice root: /etc/init.d/ext: Starting...
Jan  1 00:01:05 OpenWrt user.notice root: If you run this during an install or run the init the first time
Jan  1 00:01:05 OpenWrt user.notice root:  please run 
Jan  1 00:01:05 OpenWrt user.notice root:     source /etc/profile 
Jan  1 00:01:05 OpenWrt user.notice root: /bin/box_installer.sh : Trying to find next step
Jan  1 00:01:05 OpenWrt user.notice root: /bin/box_installer.sh : executing run_signaling_extendRoot_stop
Jan  1 00:01:05 OpenWrt user.notice root: /bin/box_installer.sh : Trying to find next step
Jan  1 00:01:05 OpenWrt user.notice root: /bin/box_installer.sh : executing exit
Jan  1 00:00:34 OpenWrt syslog.info syslogd started: BusyBox v1.19.4
Jan  1 00:00:34 OpenWrt user.notice root: /bin/box_installer.sh : executing run_test
Jan  1 00:00:34 OpenWrt user.notice root: /bin/box_installer.sh : Testing requirements...
Jan  1 00:00:34 OpenWrt user.notice root: /bin/box_installer.sh : .. USB storage modules available
Jan  1 00:00:35 OpenWrt user.notice root: /bin/box_installer.sh : extendRoot package is installed
Jan  1 00:00:35 OpenWrt user.notice root: /bin/box_installer.sh : Trying to find next step
Jan  1 00:00:35 OpenWrt user.notice root: /bin/box_installer.sh : executing run_signaling_extendRoot_start
Jan  1 00:00:35 OpenWrt user.notice root: /bin/box_installer.sh : Trying to find next step
Jan  1 00:00:35 OpenWrt user.notice root: /bin/box_installer.sh : executing run_prepare_extendRoot
Jan  1 00:00:35 OpenWrt user.notice root: /bin/box_installer.sh : configure initi step for extendRoot
Jan  1 00:00:35 OpenWrt user.notice root: /bin/box_installer.sh : Trying to find next step
Jan  1 00:00:35 OpenWrt user.notice root: /bin/box_installer.sh : executing run_init_extendRoot
Jan  1 00:00:35 OpenWrt user.notice root: /etc/init.d/ext: Mounting external USB storage...
Jan  1 00:00:35 OpenWrt user.notice root: /etc/init.d/ext: Creating swapspace...
Jan  1 00:00:39 OpenWrt user.notice root: 32+0 records in
Jan  1 00:00:39 OpenWrt user.notice root: 32+0 records out
Jan  1 00:00:39 OpenWrt user.notice root: Setting up swapspace version 1, size = 32764 KiB
Jan  1 00:00:39 OpenWrt user.notice root: no label, UUID=1e9aeaa3-cd3b-4d9b-9e5f-953083f961a2
Jan  1 00:00:39 OpenWrt user.notice root: /etc/init.d/ext: Forcing overwrite of /mnt/usb/external_fs/OpenWRT.img if it already exsits
Jan  1 00:00:39 OpenWrt user.notice root: /etc/init.d/ext: Creating ext loop image...
Jan  1 00:01:04 OpenWrt user.notice root: /etc/init.d/ext: Including the external mountpoint to system
Jan  1 00:01:04 OpenWrt user.notice root: /etc/init.d/ext: Creating /bin/ext_path_fixer
Jan  1 00:01:04 OpenWrt user.notice root: /etc/init.d/ext: Including ext_path_fixer to /etc/profile
Jan  1 00:01:04 OpenWrt user.notice root: /etc/init.d/ext: Including   ext_path_fixer to /etc/rc.common
Jan  1 00:01:04 OpenWrt user.notice root: /etc/init.d/ext: Enable for startup
Jan  1 00:01:04 OpenWrt user.notice root: /etc/init.d/ext: Starting...
Jan  1 00:01:05 OpenWrt user.notice root: If you run this during an install or run the init the first time
Jan  1 00:01:05 OpenWrt user.notice root:  please run 
Jan  1 00:01:05 OpenWrt user.notice root:     source /etc/profile 
Jan  1 00:01:05 OpenWrt user.notice root: /bin/box_installer.sh : Trying to find next step
Jan  1 00:01:05 OpenWrt user.notice root: /bin/box_installer.sh : executing run_signaling_extendRoot_stop
Jan  1 00:01:05 OpenWrt user.notice root: /bin/box_installer.sh : Trying to find next step
Jan  1 00:01:05 OpenWrt user.notice root: /bin/box_installer.sh : executing exit
Jan  1 00:01:06 OpenWrt user.notice root: /bin/box_installer.sh : executing run_test_installation_destination
Jan  1 00:01:06 OpenWrt user.notice root: /bin/box_installer.sh : Testing if installation destination by extendRoot is available.
Jan  1 00:01:06 OpenWrt user.notice root: /bin/box_installer.sh : Installation destination is available.
Jan  1 00:01:06 OpenWrt user.notice root: /bin/box_installer.sh : Trying to find next step
Jan  1 00:01:06 OpenWrt user.notice root: /bin/box_installer.sh : executing run_fake_opkg_update
Jan  1 00:01:06 OpenWrt user.notice root: /bin/box_installer.sh : Creating opkg-lists folder, if missing
Jan  1 00:01:06 OpenWrt user.notice root: /bin/box_installer.sh : Getting main Repository from /etc/opkg.conf
Jan  1 00:01:06 OpenWrt user.notice root: /bin/box_installer.sh : Doing fake opkg update (copy from cache folder (attitude_adjustment)
Jan  1 00:01:06 OpenWrt user.notice root: /bin/box_installer.sh : .. doing it for Piratebox repository (optional)
Jan  1 00:01:06 OpenWrt user.notice root: /bin/box_installer.sh : Trying to find next step
Jan  1 00:01:06 OpenWrt user.notice root: /bin/box_installer.sh : executing run_signaling_package_start
Jan  1 00:01:06 OpenWrt user.notice root: /bin/box_installer.sh: line 220: can't create /sys/class/leds/*usb/trigger: nonexistent directory
Jan  1 00:01:06 OpenWrt user.notice root: /bin/box_installer.sh : Trying to find next step
Jan  1 00:01:06 OpenWrt user.notice root: /bin/box_installer.sh : executing run_install_package
Jan  1 00:01:06 OpenWrt user.notice root: /bin/box_installer.sh : Fixing paths
Jan  1 00:01:06 OpenWrt user.notice root: /bin/box_installer.sh : Installing packge extendRoot-librarybox extendRoot-minidlna 
Jan  1 00:01:08 OpenWrt user.notice root: Installing extendRoot-librarybox (0.10.1-3) to ext...
Jan  1 00:01:08 OpenWrt user.notice root: Copying /mnt/usb/install/cache/extendRoot-librarybox_0.10.1-3_all.ipk.
Jan  1 00:01:08 OpenWrt user.notice root: Installing extendRoot-lighttpd (0.10.1-3) to ext...
Jan  1 00:01:08 OpenWrt user.notice root: Copying /mnt/usb/install/cache/extendRoot-lighttpd_0.10.1-3_all.ipk.
Jan  1 00:01:09 OpenWrt user.notice root: Installing lighttpd (1.4.30-2) to ext...
Jan  1 00:01:09 OpenWrt user.notice root: Copying /mnt/usb/install/cache/lighttpd_1.4.30-2_ar71xx.ipk.
Jan  1 00:01:10 OpenWrt user.notice root: Installing libopenssl (1.0.1h-1) to ext...
Jan  1 00:01:10 OpenWrt user.notice root: Copying /mnt/usb/install/cache/libopenssl_1.0.1h-1_ar71xx.ipk.
Jan  1 00:01:15 OpenWrt authpriv.info dropbear[1581]: Running in background
Jan  1 00:01:16 OpenWrt user.notice root: Installing libpcre (8.11-2) to ext...
Jan  1 00:01:16 OpenWrt user.notice root: Copying /mnt/usb/install/cache/libpcre_8.11-2_ar71xx.ipk.
Jan  1 00:01:17 OpenWrt user.notice root: Installing libpthread (0.9.33.2-1) to ext...
Jan  1 00:01:17 OpenWrt user.notice root: Copying /mnt/usb/install/cache/libpthread_0.9.33.2-1_ar71xx.ipk.
Jan  1 00:01:17 OpenWrt user.notice root: Installing extendRoot-python (0.10.1-3) to ext...
Jan  1 00:01:17 OpenWrt user.notice root: Copying /mnt/usb/install/cache/extendRoot-python_0.10.1-3_all.ipk.
Jan  1 00:01:17 OpenWrt user.notice root: Installing python (2.7.3-2) to ext...
Jan  1 00:01:17 OpenWrt user.notice root: Copying /mnt/usb/install/cache/python_2.7.3-2_ar71xx.ipk.
Jan  1 00:01:42 OpenWrt user.notice root: Installing libffi (3.0.10-1) to ext...
Jan  1 00:01:43 OpenWrt user.notice root: Copying /mnt/usb/install/cache/libffi_3.0.10-1_ar71xx.ipk.
Jan  1 00:01:43 OpenWrt user.notice root: Installing python-mini (2.7.3-2) to ext...
Jan  1 00:01:43 OpenWrt user.notice root: Copying /mnt/usb/install/cache/python-mini_2.7.3-2_ar71xx.ipk.
Jan  1 00:02:00 OpenWrt user.notice root: Installing librarybox (2.1.0-37) to ext...
Jan  1 00:02:00 OpenWrt user.notice root: Copying /mnt/usb/install/cache/librarybox_2.1.0-37_all.ipk.
Jan  1 00:02:01 OpenWrt user.notice root: Installing lighttpd-mod-cgi (1.4.30-2) to ext...
Jan  1 00:02:01 OpenWrt user.notice root: Copying /mnt/usb/install/cache/lighttpd-mod-cgi_1.4.30-2_ar71xx.ipk.
Jan  1 00:02:01 OpenWrt user.notice root: Installing lighttpd-mod-redirect (1.4.30-2) to ext...
Jan  1 00:02:01 OpenWrt user.notice root: Copying /mnt/usb/install/cache/lighttpd-mod-redirect_1.4.30-2_ar71xx.ipk.
Jan  1 00:02:01 OpenWrt user.notice root: Installing lighttpd-mod-alias (1.4.30-2) to ext...
Jan  1 00:02:01 OpenWrt user.notice root: Copying /mnt/usb/install/cache/lighttpd-mod-alias_1.4.30-2_ar71xx.ipk.
Jan  1 00:02:01 OpenWrt user.notice root: Installing lighttpd-mod-setenv (1.4.30-2) to ext...
Jan  1 00:02:01 OpenWrt user.notice root: Copying /mnt/usb/install/cache/lighttpd-mod-setenv_1.4.30-2_ar71xx.ipk.
Jan  1 00:02:01 OpenWrt user.notice root: Installing lighttpd-mod-fastcgi (1.4.30-2) to ext...
Jan  1 00:02:01 OpenWrt user.notice root: Copying /mnt/usb/install/cache/lighttpd-mod-fastcgi_1.4.30-2_ar71xx.ipk.
Jan  1 00:02:02 OpenWrt user.notice root: Installing php5-cgi (5.4.5-3) to ext...
Jan  1 00:02:02 OpenWrt user.notice root: Copying /mnt/usb/install/cache/php5-cgi_5.4.5-3_ar71xx.ipk.
Jan  1 00:02:11 OpenWrt user.notice root: Installing php5 (5.4.5-3) to ext...
Jan  1 00:02:11 OpenWrt user.notice root: Copying /mnt/usb/install/cache/php5_5.4.5-3_ar71xx.ipk.
Jan  1 00:02:12 OpenWrt user.notice root: Installing libxml2 (2.7.8-2) to ext...
Jan  1 00:02:12 OpenWrt user.notice root: Copying /mnt/usb/install/cache/libxml2_2.7.8-2_ar71xx.ipk.
Jan  1 00:02:15 OpenWrt user.notice root: Installing zoneinfo-core (2011n-1) to ext...
Jan  1 00:02:15 OpenWrt user.notice root: Copying /mnt/usb/install/cache/zoneinfo-core_2011n-1_ar71xx.ipk.
Jan  1 00:02:16 OpenWrt user.notice root: Installing zoneinfo-simple (2011n-1) to ext...
Jan  1 00:02:16 OpenWrt user.notice root: Copying /mnt/usb/install/cache/zoneinfo-simple_2011n-1_ar71xx.ipk.
Jan  1 00:02:17 OpenWrt user.notice root: Installing php5-mod-json (5.4.5-3) to ext...
Jan  1 00:02:17 OpenWrt user.notice root: Copying /mnt/usb/install/cache/php5-mod-json_5.4.5-3_ar71xx.ipk.
Jan  1 00:02:17 OpenWrt user.notice root: Installing php5-mod-sqlite3 (5.4.5-3) to ext...
Jan  1 00:02:17 OpenWrt user.notice root: Copying /mnt/usb/install/cache/php5-mod-sqlite3_5.4.5-3_ar71xx.ipk.
Jan  1 00:02:18 OpenWrt user.notice root: Installing libsqlite3 (3071201-1) to ext...
Jan  1 00:02:18 OpenWrt user.notice root: Copying /mnt/usb/install/cache/libsqlite3_3071201-1_ar71xx.ipk.
Jan  1 00:02:21 OpenWrt user.notice root: Installing php5-mod-pdo-sqlite (5.4.5-3) to ext...
Jan  1 00:02:21 OpenWrt user.notice root: Copying /mnt/usb/install/cache/php5-mod-pdo-sqlite_5.4.5-3_ar71xx.ipk.
Jan  1 00:02:22 OpenWrt user.notice root: Installing php5-mod-pdo (5.4.5-3) to ext...
Jan  1 00:02:22 OpenWrt user.notice root: Copying /mnt/usb/install/cache/php5-mod-pdo_5.4.5-3_ar71xx.ipk.
Jan  1 00:02:22 OpenWrt user.notice root: Installing librt (0.9.33.2-1) to ext...
Jan  1 00:02:22 OpenWrt user.notice root: Copying /mnt/usb/install/cache/librt_0.9.33.2-1_ar71xx.ipk.
Jan  1 00:02:22 OpenWrt user.notice root: Installing php5-mod-sqlite (5.4.5-3) to ext...
Jan  1 00:02:22 OpenWrt user.notice root: Copying /mnt/usb/install/cache/php5-mod-sqlite_5.4.5-3_ar71xx.ipk.
Jan  1 00:02:23 OpenWrt user.notice root: Installing libsqlite2 (2.8.17-2) to ext...
Jan  1 00:02:23 OpenWrt user.notice root: Copying /mnt/usb/install/cache/libsqlite2_2.8.17-2_ar71xx.ipk.
Jan  1 00:02:24 OpenWrt user.notice root: Installing php5-mod-mbstring (5.4.5-3) to ext...
Jan  1 00:02:24 OpenWrt user.notice root: Copying /mnt/usb/install/cache/php5-mod-mbstring_5.4.5-3_ar71xx.ipk.
Jan  1 00:02:28 OpenWrt user.notice root: Installing proftpd (1.3.4b-1) to ext...
Jan  1 00:02:28 OpenWrt user.notice root: Copying /mnt/usb/install/cache/proftpd_1.3.4b-1_ar71xx.ipk.
Jan  1 00:02:31 OpenWrt user.notice root: Installing radvd (1.9.1-2) to ext...
Jan  1 00:02:31 OpenWrt user.notice root: Copying /mnt/usb/install/cache/radvd_1.9.1-2_ar71xx.ipk.
Jan  1 00:02:31 OpenWrt user.notice root: Installing libdaemon (0.14-2) to ext...
Jan  1 00:02:31 OpenWrt user.notice root: Copying /mnt/usb/install/cache/libdaemon_0.14-2_ar71xx.ipk.
Jan  1 00:02:32 OpenWrt user.notice root: Installing lftp (4.3.6-2) to ext...
Jan  1 00:02:32 OpenWrt user.notice root: Copying /mnt/usb/install/cache/lftp_4.3.6-2_ar71xx.ipk.
Jan  1 00:02:35 OpenWrt user.notice root: Installing libncurses (5.7-5) to ext...
Jan  1 00:02:35 OpenWrt user.notice root: Copying /mnt/usb/install/cache/libncurses_5.7-5_ar71xx.ipk.
Jan  1 00:02:36 OpenWrt user.notice root: Installing terminfo (5.7-5) to ext...
Jan  1 00:02:36 OpenWrt user.notice root: Copying /mnt/usb/install/cache/terminfo_5.7-5_ar71xx.ipk.
Jan  1 00:02:37 OpenWrt user.notice root: Installing libreadline (5.2-2) to ext...
Jan  1 00:02:37 OpenWrt user.notice root: Copying /mnt/usb/install/cache/libreadline_5.2-2_ar71xx.ipk.
Jan  1 00:02:38 OpenWrt user.notice root: Installing uclibcxx (0.2.4-1) to ext...
Jan  1 00:02:38 OpenWrt user.notice root: Copying /mnt/usb/install/cache/uclibcxx_0.2.4-1_ar71xx.ipk.
Jan  1 00:02:38 OpenWrt user.notice root: Installing libexpat (2.0.1-1) to ext...
Jan  1 00:02:38 OpenWrt user.notice root: Copying /mnt/usb/install/cache/libexpat_2.0.1-1_ar71xx.ipk.
Jan  1 00:02:39 OpenWrt user.notice root: Installing ip (3.3.0-2) to ext...
Jan  1 00:02:39 OpenWrt user.notice root: Copying /mnt/usb/install/cache/ip_3.3.0-2_ar71xx.ipk.
Jan  1 00:02:40 OpenWrt user.notice root: Installing extendRoot-php (0.10.1-3) to ext...
Jan  1 00:02:40 OpenWrt user.notice root: Copying /mnt/usb/install/cache/extendRoot-php_0.10.1-3_all.ipk.
Jan  1 00:02:40 OpenWrt user.notice root: Installing php5-cli (5.4.5-3) to ext...
Jan  1 00:02:40 OpenWrt user.notice root: Copying /mnt/usb/install/cache/php5-cli_5.4.5-3_ar71xx.ipk.
Jan  1 00:02:50 OpenWrt user.notice root: Installing php5-mod-gd (5.4.5-3) to ext...
Jan  1 00:02:50 OpenWrt user.notice root: Copying /mnt/usb/install/cache/php5-mod-gd_5.4.5-3_ar71xx.ipk.
Jan  1 00:02:51 OpenWrt user.notice root: Installing libjpeg (6b-1) to ext...
Jan  1 00:02:51 OpenWrt user.notice root: Copying /mnt/usb/install/cache/libjpeg_6b-1_ar71xx.ipk.
Jan  1 00:02:52 OpenWrt user.notice root: Installing libpng (1.2.46-2) to ext...
Jan  1 00:02:52 OpenWrt user.notice root: Copying /mnt/usb/install/cache/libpng_1.2.46-2_ar71xx.ipk.
Jan  1 00:02:53 OpenWrt user.notice root: Installing php5-mod-http (5.4.5-3) to ext...
Jan  1 00:02:53 OpenWrt user.notice root: Copying /mnt/usb/install/cache/php5-mod-http_5.4.5-3_ar71xx.ipk.
Jan  1 00:02:54 OpenWrt user.notice root: Installing libcurl (7.29.0-1) to ext...
Jan  1 00:02:54 OpenWrt user.notice root: Copying /mnt/usb/install/cache/libcurl_7.29.0-1_ar71xx.ipk.
Jan  1 00:02:55 OpenWrt user.notice root: Installing libevent2 (2.0.19-1) to ext...
Jan  1 00:02:55 OpenWrt user.notice root: Copying /mnt/usb/install/cache/libevent2_2.0.19-1_ar71xx.ipk.
Jan  1 00:02:56 OpenWrt user.notice root: Installing php5-mod-dom (5.4.5-3) to ext...
Jan  1 00:02:56 OpenWrt user.notice root: Copying /mnt/usb/install/cache/php5-mod-dom_5.4.5-3_ar71xx.ipk.
Jan  1 00:02:57 OpenWrt user.notice root: Installing php5-mod-xml (5.4.5-3) to ext...
Jan  1 00:02:57 OpenWrt user.notice root: Copying /mnt/usb/install/cache/php5-mod-xml_5.4.5-3_ar71xx.ipk.
Jan  1 00:02:57 OpenWrt user.notice root: Installing php5-mod-xmlreader (5.4.5-3) to ext...
Jan  1 00:02:57 OpenWrt user.notice root: Copying /mnt/usb/install/cache/php5-mod-xmlreader_5.4.5-3_ar71xx.ipk.
Jan  1 00:02:57 OpenWrt user.notice root: Installing libiconv (7) to ext...
Jan  1 00:02:57 OpenWrt user.notice root: Copying /mnt/usb/install/cache/libiconv_7_ar71xx.ipk.
Jan  1 00:02:58 OpenWrt user.notice root: Installing php5-mod-xmlwriter (5.4.5-3) to ext...
Jan  1 00:02:58 OpenWrt user.notice root: Copying /mnt/usb/install/cache/php5-mod-xmlwriter_5.4.5-3_ar71xx.ipk.
Jan  1 00:02:58 OpenWrt user.notice root: Installing php5-mod-zip (5.4.5-3) to ext...
Jan  1 00:02:58 OpenWrt user.notice root: Copying /mnt/usb/install/cache/php5-mod-zip_5.4.5-3_ar71xx.ipk.
Jan  1 00:02:59 OpenWrt user.notice root: Installing php5-mod-gettext (5.4.5-3) to ext...
Jan  1 00:02:59 OpenWrt user.notice root: Copying /mnt/usb/install/cache/php5-mod-gettext_5.4.5-3_ar71xx.ipk.
Jan  1 00:02:59 OpenWrt user.notice root: Installing libintl-full (0.18.1.1-2) to ext...
Jan  1 00:02:59 OpenWrt user.notice root: Copying /mnt/usb/install/cache/libintl-full_0.18.1.1-2_ar71xx.ipk.
Jan  1 00:02:59 OpenWrt user.notice root: Installing php5-mod-openssl (5.4.5-3) to ext...
Jan  1 00:02:59 OpenWrt user.notice root: Copying /mnt/usb/install/cache/php5-mod-openssl_5.4.5-3_ar71xx.ipk.
Jan  1 00:03:00 OpenWrt user.notice root: Installing php5-mod-session (5.4.5-3) to ext...
Jan  1 00:03:00 OpenWrt user.notice root: Copying /mnt/usb/install/cache/php5-mod-session_5.4.5-3_ar71xx.ipk.
Jan  1 00:03:00 OpenWrt user.notice root: Installing extendRoot-zoneinfo (0.10.1-3) to ext...
Jan  1 00:03:00 OpenWrt user.notice root: Copying /mnt/usb/install/cache/extendRoot-zoneinfo_0.10.1-3_all.ipk.
Jan  1 00:03:00 OpenWrt user.notice root: Installing extendRoot-proftpd (0.10.1-3) to ext...
Jan  1 00:03:00 OpenWrt user.notice root: Copying /mnt/usb/install/cache/extendRoot-proftpd_0.10.1-3_all.ipk.
Jan  1 00:03:00 OpenWrt user.notice root: Installing extendRoot-avahi (0.10.1-3) to ext...
Jan  1 00:03:00 OpenWrt user.notice root: Copying /mnt/usb/install/cache/extendRoot-avahi_0.10.1-3_all.ipk.
Jan  1 00:03:01 OpenWrt user.notice root: Installing avahi-daemon (0.6.31-5) to ext...
Jan  1 00:03:01 OpenWrt user.notice root: Copying /mnt/usb/install/cache/avahi-daemon_0.6.31-5_ar71xx.ipk.
Jan  1 00:03:01 OpenWrt user.notice root: Installing libavahi (0.6.31-5) to ext...
Jan  1 00:03:01 OpenWrt user.notice root: Copying /mnt/usb/install/cache/libavahi_0.6.31-5_ar71xx.ipk.
Jan  1 00:03:02 OpenWrt user.notice root: Installing libgdbm (1.9.1-2) to ext...
Jan  1 00:03:02 OpenWrt user.notice root: Copying /mnt/usb/install/cache/libgdbm_1.9.1-2_ar71xx.ipk.
Jan  1 00:03:02 OpenWrt user.notice root: Installing libdbus (1.4.14-2) to ext...
Jan  1 00:03:02 OpenWrt user.notice root: Copying /mnt/usb/install/cache/libdbus_1.4.14-2_ar71xx.ipk.
Jan  1 00:03:03 OpenWrt user.notice root: Installing avahi-utils (0.6.31-5) to ext...
Jan  1 00:03:03 OpenWrt user.notice root: Copying /mnt/usb/install/cache/avahi-utils_0.6.31-5_ar71xx.ipk.
Jan  1 00:03:03 OpenWrt user.notice root: Installing libavahi-client (0.6.31-5) to ext...
Jan  1 00:03:03 OpenWrt user.notice root: Copying /mnt/usb/install/cache/libavahi-client_0.6.31-5_ar71xx.ipk.
Jan  1 00:03:03 OpenWrt user.notice root: Installing libavahi-dbus-support (0.6.31-5) to ext...
Jan  1 00:03:03 OpenWrt user.notice root: Copying /mnt/usb/install/cache/libavahi-dbus-support_0.6.31-5_ar71xx.ipk.
Jan  1 00:03:03 OpenWrt user.notice root: Installing dbus (1.4.14-2) to ext...
Jan  1 00:03:03 OpenWrt user.notice root: Copying /mnt/usb/install/cache/dbus_1.4.14-2_ar71xx.ipk.
Jan  1 00:03:06 OpenWrt user.notice root: Installing extendRoot-dbus (0.10.1-3) to ext...
Jan  1 00:03:06 OpenWrt user.notice root: Copying /mnt/usb/install/cache/extendRoot-dbus_0.10.1-3_all.ipk.
Jan  1 00:03:07 OpenWrt user.notice root: Installing extendRoot-minidlna (0.10.1-3) to ext...
Jan  1 00:03:07 OpenWrt user.notice root: Copying /mnt/usb/install/cache/extendRoot-minidlna_0.10.1-3_all.ipk.
Jan  1 00:03:07 OpenWrt user.notice root: Installing minidlna (1.0.24-1) to ext...
Jan  1 00:03:07 OpenWrt user.notice root: Copying /mnt/usb/install/cache/minidlna_1.0.24-1_ar71xx.ipk.
Jan  1 00:03:08 OpenWrt user.notice root: Installing libexif (0.6.19-1) to ext...
Jan  1 00:03:08 OpenWrt user.notice root: Copying /mnt/usb/install/cache/libexif_0.6.19-1_ar71xx.ipk.
Jan  1 00:03:09 OpenWrt user.notice root: Installing libffmpeg-mini (0.8.7-2) to ext...
Jan  1 00:03:09 OpenWrt user.notice root: Copying /mnt/usb/install/cache/libffmpeg-mini_0.8.7-2_ar71xx.ipk.
Jan  1 00:03:15 OpenWrt user.notice root: Installing libbz2 (1.0.6-1) to ext...
Jan  1 00:03:15 OpenWrt user.notice root: Copying /mnt/usb/install/cache/libbz2_1.0.6-1_ar71xx.ipk.
Jan  1 00:03:16 OpenWrt user.notice root: Installing libid3tag (0.15.1b-3) to ext...
Jan  1 00:03:16 OpenWrt user.notice root: Copying /mnt/usb/install/cache/libid3tag_0.15.1b-3_ar71xx.ipk.
Jan  1 00:03:16 OpenWrt user.notice root: Installing libflac (1.2.1-1) to ext...
Jan  1 00:03:16 OpenWrt user.notice root: Copying /mnt/usb/install/cache/libflac_1.2.1-1_ar71xx.ipk.
Jan  1 00:03:17 OpenWrt user.notice root: Installing libvorbis (1.2.3-1) to ext...
Jan  1 00:03:17 OpenWrt user.notice root: Copying /mnt/usb/install/cache/libvorbis_1.2.3-1_ar71xx.ipk.
Jan  1 00:03:20 OpenWrt user.notice root: Installing libogg (1.1.4-2) to ext...
Jan  1 00:03:20 OpenWrt user.notice root: Copying /mnt/usb/install/cache/libogg_1.1.4-2_ar71xx.ipk.
Jan  1 00:03:25 OpenWrt user.notice root: /etc/init.d/piratebox: Mesh package detected, generating random hostname
Jan  1 00:03:26 OpenWrt user.notice root: /etc/init.d/piratebox: Generated IPv6 suffix  for br-lan : fdc0:ffea::bcd8:5263:87d:d77e 
Jan  1 00:03:26 OpenWrt user.notice root: uci: Entry not found
Jan  1 00:03:26 OpenWrt user.notice root: /etc/init.d/piratebox: Creating config/network entry for dyn. alias fdc0:ffea::bcd8:5263:87d:d77e/64
Jan  1 00:03:26 OpenWrt user.notice root: cfg044d8f
Jan  1 00:03:26 OpenWrt user.notice root: /etc/init.d/piratebox: Creating piratebox loop image...
Jan  1 00:03:36 OpenWrt user.notice root: /etc/init.d/piratebox: Fixing timezone in php config...
Jan  1 00:03:37 OpenWrt user.notice root: /etc/avahi config folder not found.. skipping avahi prepare
Jan  1 00:03:38 OpenWrt user.notice root: Setting static PBx IP fdc0:ffea::1 to depricated
Jan  1 00:03:38 OpenWrt user.notice root: -------------- Initialize PirateBoxScripts -----------
Jan  1 00:03:39 OpenWrt user.notice root: Apply OpenWRT ipv6  config to PirateBox-config..
Jan  1 00:03:39 OpenWrt user.notice root: ------------------ Running /opt/piratebox/bin/hooks/hook_pre_init.sh ------------------
Jan  1 00:03:39 OpenWrt user.notice root: Doing www folder exchange...
Jan  1 00:03:40 OpenWrt user.notice root: Generating FTP Configuration..done
Jan  1 00:03:40 OpenWrt user.notice root: Starting initialize PirateBox Part2..
Jan  1 00:03:40 OpenWrt user.notice root: chown: /opt/piratebox/share: Operation not permitted
Jan  1 00:03:41 OpenWrt user.notice root: chown: /opt/piratebox/www/content: No such file or directory
Jan  1 00:03:41 OpenWrt user.notice root: chown: /opt/piratebox/www/index.html: No such file or directory
Jan  1 00:03:41 OpenWrt user.notice root: ------------------ Running /opt/piratebox/bin/hooks/hook_post_init.sh ------------------
Jan  1 00:03:41 OpenWrt user.notice root: Creating predefined folders ...
Jan  1 00:03:41 OpenWrt user.notice root: Starting script piratebox 
Jan  1 00:03:41 OpenWrt user.notice root: Generating config for radvd..
Jan  1 00:03:41 OpenWrt user.notice root: Generating hosts file .... 
Jan  1 00:03:41 OpenWrt user.notice root: Generating dnsmasq.conf .....
Jan  1 00:03:41 OpenWrt user.notice root: Generating Environment-config for lighttpd .....
Jan  1 00:03:41 OpenWrt user.notice root: Appending local node-name hosts entry VHcNyAwP.librarybox.lan
Jan  1 00:03:41 OpenWrt user.notice root: Empty tmp folder
Jan  1 00:03:41 OpenWrt user.notice root: rm: /opt/piratebox/tmp: is a directory
Jan  1 00:03:41 OpenWrt user.notice root: Starting dnsmasq... 
Jan  1 00:03:41 OpenWrt daemon.info dnsmasq[2693]: started, version 2.66 cachesize 150
Jan  1 00:03:41 OpenWrt daemon.info dnsmasq[2693]: compile time options: IPv6 GNU-getopt no-DBus no-i18n no-IDN DHCP no-DHCPv6 no-Lua TFTP no-conntrack no-ipset no-auth
Jan  1 00:03:41 OpenWrt daemon.info dnsmasq-dhcp[2693]: DHCP, IP range 192.168.1.10 -- 192.168.1.250, lease time 12h
Jan  1 00:03:41 OpenWrt user.notice root: 0
Jan  1 00:03:41 OpenWrt user.notice root: Starting radvd...
Jan  1 00:03:41 OpenWrt daemon.info dnsmasq[2693]: read /opt/piratebox/conf/hosts_mesh - 0 addresses
Jan  1 00:03:41 OpenWrt daemon.err dnsmasq[2693]: bad address at /opt/piratebox/conf/hosts_generated line 2
Jan  1 00:03:41 OpenWrt daemon.info dnsmasq[2693]: read /opt/piratebox/conf/hosts_generated - 2 addresses
Jan  1 00:03:42 OpenWrt daemon.info radvd[2694]: version 1.9.1 started
Jan  1 00:03:42 OpenWrt user.notice root: 0
Jan  1 00:03:48 OpenWrt user.notice root: Generated HTML-Shoutbox File.
Jan  1 00:03:48 OpenWrt user.notice root: Starting lighttpd...
Jan  1 00:03:49 OpenWrt user.notice root: 0
Jan  1 00:03:49 OpenWrt user.notice root: ------------------ Running /opt/piratebox/bin/hooks/hook_piratebox_start_done.sh ------------------
Jan  1 00:03:49 OpenWrt user.notice root: Creating 'content' folder on USB stick and move over stuff
Jan  1 00:03:50 OpenWrt user.notice root: starting PROFTPD..
Jan  1 00:03:50 OpenWrt user.notice root: 0
Jan  1 00:03:50 OpenWrt user.notice root: Generating json configuration file: /opt/piratebox/www/config.json
Jan  1 00:03:51 OpenWrt user.notice root: Bringing PirateBox down again and leave image mounted
Jan  1 00:03:51 OpenWrt user.notice root:  for further installation
Jan  1 00:03:51 OpenWrt user.notice root: Stopping script piratebox
Jan  1 00:03:51 OpenWrt user.notice root: ------------------ Running /opt/piratebox/bin/hooks/hook_piratebox_stop.sh ------------------
Jan  1 00:03:51 OpenWrt user.notice root: Stopping proftpd...
Jan  1 00:03:51 OpenWrt user.notice root: 0
Jan  1 00:03:51 OpenWrt user.notice root: Stopping dnsmasq...
Jan  1 00:03:51 OpenWrt daemon.info dnsmasq[2693]: exiting on receipt of SIGTERM
Jan  1 00:03:51 OpenWrt user.notice root: 0
Jan  1 00:03:51 OpenWrt user.notice root: Stopping radvd...
Jan  1 00:03:51 OpenWrt user.notice root: 0
Jan  1 00:03:51 OpenWrt user.notice root: Stopping lighttpd...
Jan  1 00:03:51 OpenWrt user.notice root: start-stop-daemon: warning: killing process 2711: No such process
Jan  1 00:03:51 OpenWrt user.notice root: 1
Jan  1 00:03:51 OpenWrt daemon.warn radvd[2697]: Exiting, sigterm or sigint received.
Jan  1 00:03:51 OpenWrt daemon.info radvd[2697]: sending stop adverts
Jan  1 00:03:51 OpenWrt daemon.info radvd[2697]: removing /opt/piratebox/tmp/radvd.pid
Jan  1 00:03:51 OpenWrt user.notice root: Setup complete, PirateBox started.
Jan  1 00:03:51 OpenWrt user.notice root: You can remove the WAN connection now.
Jan  1 00:03:51 OpenWrt user.notice root: Please reboot your PirateBox now: 
Jan  1 00:03:51 OpenWrt user.notice root:    # reboot 
Jan  1 00:03:51 OpenWrt user.notice root: Done
Jan  1 00:03:51 OpenWrt daemon.err radvd[2695]: Exiting, privsep_read_loop had readn return 0 bytes
Jan  1 00:03:53 OpenWrt user.notice root: Configuring terminfo.
Jan  1 00:03:53 OpenWrt user.notice root: Configuring libpcre.
Jan  1 00:03:53 OpenWrt user.notice root: Configuring libpthread.
Jan  1 00:03:53 OpenWrt user.notice root: Configuring libxml2.
Jan  1 00:03:53 OpenWrt user.notice root: Configuring php5.
Jan  1 00:03:53 OpenWrt user.notice root: Configuring php5-mod-dom.
Jan  1 00:03:53 OpenWrt user.notice root: Configuring ip.
Jan  1 00:03:53 OpenWrt user.notice root: Configuring libjpeg.
Jan  1 00:03:53 OpenWrt user.notice root: Configuring libopenssl.
Jan  1 00:03:53 OpenWrt user.notice root: Configuring lighttpd.
Jan  1 00:03:53 OpenWrt user.notice root: Configuring lighttpd-mod-cgi.
Jan  1 00:03:53 OpenWrt user.notice root: Configuring lighttpd-mod-setenv.
Jan  1 00:03:53 OpenWrt user.notice root: Configuring libogg.
Jan  1 00:03:53 OpenWrt user.notice root: Configuring extendRoot-lighttpd.
Jan  1 00:03:53 OpenWrt user.notice root: Configuring libffi.
Jan  1 00:03:53 OpenWrt user.notice root: Configuring python-mini.
Jan  1 00:03:53 OpenWrt user.notice root: Configuring python.
Jan  1 00:03:53 OpenWrt user.notice root: Configuring extendRoot-python.
Jan  1 00:03:53 OpenWrt user.notice root: Configuring lighttpd-mod-redirect.
Jan  1 00:03:53 OpenWrt user.notice root: Configuring lighttpd-mod-alias.
Jan  1 00:03:53 OpenWrt user.notice root: Configuring lighttpd-mod-fastcgi.
Jan  1 00:03:53 OpenWrt user.notice root: Configuring php5-cgi.
Jan  1 00:03:53 OpenWrt user.notice root: Configuring zoneinfo-core.
Jan  1 00:03:53 OpenWrt user.notice root: Configuring zoneinfo-simple.
Jan  1 00:03:53 OpenWrt user.notice root: Configuring php5-mod-json.
Jan  1 00:03:53 OpenWrt user.notice root: Configuring libsqlite3.
Jan  1 00:03:53 OpenWrt user.notice root: Configuring php5-mod-sqlite3.
Jan  1 00:03:53 OpenWrt user.notice root: Configuring php5-mod-pdo.
Jan  1 00:03:53 OpenWrt user.notice root: Configuring php5-mod-pdo-sqlite.
Jan  1 00:03:53 OpenWrt user.notice root: Configuring libsqlite2.
Jan  1 00:03:53 OpenWrt user.notice root: Configuring php5-mod-sqlite.
Jan  1 00:03:53 OpenWrt user.notice root: Configuring php5-mod-mbstring.
Jan  1 00:03:53 OpenWrt user.notice root: Configuring libdaemon.
Jan  1 00:03:53 OpenWrt user.notice root: Configuring radvd.
Jan  1 00:03:53 OpenWrt user.notice root: Configuring libncurses.
Jan  1 00:03:53 OpenWrt user.notice root: Configuring libreadline.
Jan  1 00:03:53 OpenWrt user.notice root: Configuring uclibcxx.
Jan  1 00:03:53 OpenWrt user.notice root: Configuring php5-mod-gd.
Jan  1 00:03:53 OpenWrt user.notice root: Configuring libevent2.
Jan  1 00:03:53 OpenWrt user.notice root: Configuring php5-mod-http.
Jan  1 00:03:53 OpenWrt user.notice root: Configuring php5-mod-xml.
Jan  1 00:03:53 OpenWrt user.notice root: Configuring libiconv.
Jan  1 00:03:53 OpenWrt user.notice root: Configuring php5-mod-xmlwriter.
Jan  1 00:03:53 OpenWrt user.notice root: Configuring php5-mod-zip.
Jan  1 00:03:53 OpenWrt user.notice root: Configuring libintl-full.
Jan  1 00:03:53 OpenWrt user.notice root: Configuring php5-mod-gettext.
Jan  1 00:03:53 OpenWrt user.notice root: Configuring php5-mod-openssl.
Jan  1 00:03:53 OpenWrt user.notice root: Configuring php5-mod-session.
Jan  1 00:03:53 OpenWrt user.notice root: Configuring extendRoot-php.
Jan  1 00:03:53 OpenWrt user.notice root: Configuring extendRoot-zoneinfo.
Jan  1 00:03:53 OpenWrt user.notice root: Configuring extendRoot-proftpd.
Jan  1 00:03:53 OpenWrt user.notice root: Configuring libgdbm.
Jan  1 00:03:53 OpenWrt user.notice root: Configuring libavahi.
Jan  1 00:03:53 OpenWrt user.notice root: /bin/box_installer.sh: line 220: can't create /sys/class/leds/*usb/trigger: nonexistent directory
Jan  1 00:03:53 OpenWrt user.notice root: /bin/box_installer.sh: line 220: can't create /sys/class/leds/*usb/brightness: nonexistent directory
Jan  1 00:03:53 OpenWrt user.notice root: /bin/box_installer.sh : Trying to find next step
Jan  1 00:03:53 OpenWrt user.notice root: /bin/box_installer.sh : executing exit
Jan  1 00:04:08 OpenWrt user.notice root: /bin/box_installer_start.sh : Initiating reboot after installation
